<?xml version="1.0" encoding="UTF-8"?>
<!DOCTYPE beans PUBLIC "-//SPRING//DTD BEAN//EN" "http://www.springframework.org/dtd/spring-beans.dtd">

<beans>
	<bean id="objectMapper" class="com.fasterxml.jackson.databind.ObjectMapper" />
	
	<bean id="shopListHolder" class="com.company.retail.db.ShopListHolder" />
	
	<bean id="shopLocatorService" class="com.company.retail.service.ShopLocatorServiceImpl">
		<property name="shopListHolder" ref="shopListHolder" />
		<property name="objectMapper" ref="objectMapper" />
	</bean>
	
	<bean id="retailManagerController" class="com.company.retail.controllers.RetailManagerController">
		<property name="objectMapper" ref="objectMapper" />
		<property name="shopLocatorService" ref="shopLocatorService" />
	</bean>
</beans>

